0 info it worked if it ends with ok
1 verbose cli [ '/Users/kyleespinola/.nvm/versions/node/v5.0.0/bin/node',
1 verbose cli   '/Users/kyleespinola/.nvm/versions/node/v5.0.0/bin/npm',
1 verbose cli   'run',
1 verbose cli   'migrate' ]
2 info using npm@3.3.6
3 info using node@v5.0.0
4 verbose run-script [ 'premigrate', 'migrate', 'postmigrate' ]
5 info lifecycle prism-server@0.0.1~premigrate: prism-server@0.0.1
6 silly lifecycle prism-server@0.0.1~premigrate: no script for premigrate, continuing
7 info lifecycle prism-server@0.0.1~migrate: prism-server@0.0.1
8 verbose lifecycle prism-server@0.0.1~migrate: unsafe-perm in lifecycle true
9 verbose lifecycle prism-server@0.0.1~migrate: PATH: /Users/kyleespinola/.nvm/versions/node/v5.0.0/lib/node_modules/npm/bin/node-gyp-bin:/Users/kyleespinola/Documents/Projects/prism-server/node_modules/.bin:/Users/kyleespinola/.rvm/gems/ruby-2.2.1/bin:/Users/kyleespinola/.rvm/gems/ruby-2.2.1@global/bin:/Users/kyleespinola/.rvm/rubies/ruby-2.2.1/bin:/Users/kyleespinola/.nvm/versions/node/v5.0.0/bin:/usr/local/bin:/usr/bin:/bin:/usr/sbin:/sbin:/Users/kyleespinola/.rvm/bin:/Users/kyleespinola/.rvm/bin
10 verbose lifecycle prism-server@0.0.1~migrate: CWD: /Users/kyleespinola/Documents/Projects/prism-server
11 silly lifecycle prism-server@0.0.1~migrate: Args: [ '-c', 'knex migrate:latest' ]
12 silly lifecycle prism-server@0.0.1~migrate: Returned: code: 1  signal: null
13 info lifecycle prism-server@0.0.1~migrate: Failed to exec migrate script
14 verbose stack Error: prism-server@0.0.1 migrate: `knex migrate:latest`
14 verbose stack Exit status 1
14 verbose stack     at EventEmitter.<anonymous> (/Users/kyleespinola/.nvm/versions/node/v5.0.0/lib/node_modules/npm/lib/utils/lifecycle.js:233:16)
14 verbose stack     at emitTwo (events.js:87:13)
14 verbose stack     at EventEmitter.emit (events.js:172:7)
14 verbose stack     at ChildProcess.<anonymous> (/Users/kyleespinola/.nvm/versions/node/v5.0.0/lib/node_modules/npm/lib/utils/spawn.js:24:14)
14 verbose stack     at emitTwo (events.js:87:13)
14 verbose stack     at ChildProcess.emit (events.js:172:7)
14 verbose stack     at maybeClose (internal/child_process.js:818:16)
14 verbose stack     at Process.ChildProcess._handle.onexit (internal/child_process.js:211:5)
15 verbose pkgid prism-server@0.0.1
16 verbose cwd /Users/kyleespinola/Documents/Projects/prism-server
17 error Darwin 14.5.0
18 error argv "/Users/kyleespinola/.nvm/versions/node/v5.0.0/bin/node" "/Users/kyleespinola/.nvm/versions/node/v5.0.0/bin/npm" "run" "migrate"
19 error node v5.0.0
20 error npm  v3.3.6
21 error code ELIFECYCLE
22 error prism-server@0.0.1 migrate: `knex migrate:latest`
22 error Exit status 1
23 error Failed at the prism-server@0.0.1 migrate script 'knex migrate:latest'.
23 error This is most likely a problem with the prism-server package,
23 error not with npm itself.
23 error Tell the author that this fails on your system:
23 error     knex migrate:latest
23 error You can get their info via:
23 error     npm owner ls prism-server
23 error There is likely additional logging output above.
24 verbose exit [ 1, true ]
